-------------------------------------------------------------------------------
Test set: fr.mgen.editions.tests.PathsTests
-------------------------------------------------------------------------------
Tests run: 1, Failures: 0, Errors: 1, Skipped: 0, Time elapsed: 0.022 s <<< FAILURE! - in fr.mgen.editions.tests.PathsTests
testRetrieveFilesFromDirectories  Time elapsed: 0.019 s  <<< ERROR!
java.lang.RuntimeException: java.nio.file.NoSuchFileException: \path\dir1
	at fr.mgen.editions.tests.PathsTests.testRetrieveFilesFromDirectories(PathsTests.java:20)
Caused by: java.nio.file.NoSuchFileException: \path\dir1
	at fr.mgen.editions.tests.PathsTests.testRetrieveFilesFromDirectories(PathsTests.java:20)

