<?xml version="1.0" encoding="UTF-8"?>
<testsuite xmlns:xsi="http://www.w3.org/2001/XMLSchema-instance" xsi:noNamespaceSchemaLocation="https://maven.apache.org/surefire/maven-surefire-plugin/xsd/surefire-test-report.xsd" name="fr.mgen.editions.tests.PathsTests" time="0.022" tests="1" errors="1" skipped="0" failures="0">
  <properties>
[...]
</properties>
  <testcase name="testRetrieveFilesFromDirectories" classname="fr.mgen.editions.tests.PathsTests" time="0.019">
    <error message="java.nio.file.NoSuchFileException: \path\dir1" type="java.lang.RuntimeException">java.lang.RuntimeException: java.nio.file.NoSuchFileException: \path\dir1
	at fr.mgen.editions.tests.PathsTests.testRetrieveFilesFromDirectories(PathsTests.java:20)
Caused by: java.nio.file.NoSuchFileException: \path\dir1
	at fr.mgen.editions.tests.PathsTests.testRetrieveFilesFromDirectories(PathsTests.java:20)
</error>
  </testcase>
</testsuite>